<?xml version="1.0" encoding="UTF-8"?>
<robot generator="Robot 3.0.4 (Python 3.7.1 on linux)" generated="20181103 19:10:55.385">
<suite id="s1" name="Amazon" source="/home/kekhuay/Documents/workspace/robot-scripts/amazon/Tests/Amazon.robot">
<test id="s1-t1" name="User must sign in to check out">
<kw name="Open Browser" library="SeleniumLibrary">
<doc>Opens a new browser instance to the given ``url``.</doc>
<arguments>
<arg>http://www.amazon.com</arg>
<arg>firefox</arg>
</arguments>
<msg timestamp="20181103 19:10:55.464" level="INFO">Opening browser 'firefox' to base url 'http://www.amazon.com'.</msg>
<kw name="Capture Page Screenshot" library="SeleniumLibrary">
<doc>Takes screenshot of the current page and embeds it into log file.</doc>
<msg timestamp="20181103 19:10:57.614" level="INFO">Cannot capture screenshot because no browser is open.</msg>
<status status="PASS" starttime="20181103 19:10:57.614" endtime="20181103 19:10:57.614"></status>
</kw>
<msg timestamp="20181103 19:10:57.615" level="FAIL">WebDriverException: Message: invalid argument: can't kill an exited process
</msg>
<status status="FAIL" starttime="20181103 19:10:55.464" endtime="20181103 19:10:57.615"></status>
</kw>
<doc>This is some basic info about the suite</doc>
<tags>
<tag>Smoke</tag>
</tags>
<status status="FAIL" starttime="20181103 19:10:55.464" endtime="20181103 19:10:57.616" critical="yes">WebDriverException: Message: invalid argument: can't kill an exited process
</status>
</test>
<doc>This is some basic info about the whole suite</doc>
<status status="FAIL" starttime="20181103 19:10:55.385" endtime="20181103 19:10:57.616"></status>
</suite>
<statistics>
<total>
<stat pass="0" fail="1">Critical Tests</stat>
<stat pass="0" fail="1">All Tests</stat>
</total>
<tag>
<stat pass="0" fail="1">Smoke</stat>
</tag>
<suite>
<stat pass="0" fail="1" id="s1" name="Amazon">Amazon</stat>
</suite>
</statistics>
<errors>
</errors>
</robot>
